  main.cpp
LINK : warning LNK4098: la biblioteca predeterminada'MSVCRTD' entra en conflicto con otras bibliotecas; use la biblioteca /NODEFAULTLIB:biblioteca
main.obj : error LNK2001: símbolo externo glad_glUniform3fv sin resolver
main.obj : error LNK2001: símbolo externo glad_glLinkProgram sin resolver
main.obj : error LNK2001: símbolo externo glad_glUniform1f sin resolver
main.obj : error LNK2001: símbolo externo glad_glAttachShader sin resolver
main.obj : error LNK2001: símbolo externo glad_glFramebufferTexture2D sin resolver
main.obj : error LNK2001: símbolo externo glad_glBindBuffer sin resolver
main.obj : error LNK2001: símbolo externo aiGetMaterialTextureCount sin resolver
main.obj : error LNK2001: símbolo externo glad_glGetUniformLocation sin resolver
main.obj : error LNK2001: símbolo externo glad_glGenFramebuffers sin resolver
main.obj : error LNK2001: símbolo externo glad_glBlitFramebuffer sin resolver
main.obj : error LNK2001: símbolo externo glad_glDeleteShader sin resolver
main.obj : error LNK2001: símbolo externo glad_glBindRenderbuffer sin resolver
main.obj : error LNK2001: símbolo externo glad_glActiveTexture sin resolver
main.obj : error LNK2001: símbolo externo glad_glBindTexture sin resolver
main.obj : error LNK2001: símbolo externo glad_glViewport sin resolver
main.obj : error LNK2001: símbolo externo stbi_load sin resolver
main.obj : error LNK2001: símbolo externo glad_glGenBuffers sin resolver
main.obj : error LNK2001: símbolo externo glad_glDrawBuffers sin resolver
main.obj : error LNK2001: símbolo externo glad_glTexImage2D sin resolver
main.obj : error LNK2001: símbolo externo glad_glUseProgram sin resolver
main.obj : error LNK2001: símbolo externo glad_glUniformMatrix4fv sin resolver
main.obj : error LNK2001: símbolo externo glad_glGenRenderbuffers sin resolver
main.obj : error LNK2001: símbolo externo glad_glVertexAttribIPointer sin resolver
main.obj : error LNK2001: símbolo externo glad_glBindFramebuffer sin resolver
main.obj : error LNK2001: símbolo externo glad_glCreateProgram sin resolver
main.obj : error LNK2001: símbolo externo glad_glDrawElements sin resolver
main.obj : error LNK2001: símbolo externo glad_glGetShaderiv sin resolver
main.obj : error LNK2001: símbolo externo glad_glEnableVertexAttribArray sin resolver
main.obj : error LNK2001: símbolo externo glad_glBindVertexArray sin resolver
main.obj : error LNK2001: símbolo externo glad_glGetShaderInfoLog sin resolver
main.obj : error LNK2001: símbolo externo glad_glRenderbufferStorage sin resolver
main.obj : error LNK2001: símbolo externo glad_glGenTextures sin resolver
main.obj : error LNK2001: símbolo externo glad_glClearColor sin resolver
main.obj : error LNK2001: símbolo externo glad_glFramebufferRenderbuffer sin resolver
main.obj : error LNK2001: símbolo externo glad_glClear sin resolver
main.obj : error LNK2001: símbolo externo glad_glGenerateMipmap sin resolver
main.obj : error LNK2001: símbolo externo glad_glCheckFramebufferStatus sin resolver
main.obj : error LNK2001: símbolo externo stbi_image_free sin resolver
main.obj : error LNK2001: símbolo externo glad_glCreateShader sin resolver
main.obj : error LNK2001: símbolo externo gladLoadGLLoader sin resolver
main.obj : error LNK2001: símbolo externo glad_glTexParameteri sin resolver
main.obj : error LNK2001: símbolo externo glad_glBufferData sin resolver
main.obj : error LNK2001: símbolo externo "public: char const * __cdecl Assimp::Importer::GetErrorString(void)const " (?GetErrorString@Importer@Assimp@@QEBAPEBDXZ) sin resolver
main.obj : error LNK2001: símbolo externo "public: struct aiScene const * __cdecl Assimp::Importer::ReadFile(char const *,unsigned int)" (?ReadFile@Importer@Assimp@@QEAAPEBUaiScene@@PEBDI@Z) sin resolver
main.obj : error LNK2001: símbolo externo "public: __cdecl Assimp::Importer::~Importer(void)" (??1Importer@Assimp@@QEAA@XZ) sin resolver
main.obj : error LNK2001: símbolo externo "public: __cdecl Assimp::Importer::Importer(void)" (??0Importer@Assimp@@QEAA@XZ) sin resolver
main.obj : error LNK2001: símbolo externo glad_glGenVertexArrays sin resolver
main.obj : error LNK2001: símbolo externo glad_glDrawArrays sin resolver
main.obj : error LNK2001: símbolo externo aiGetMaterialTexture sin resolver
main.obj : error LNK2001: símbolo externo glad_glEnable sin resolver
main.obj : error LNK2001: símbolo externo glad_glVertexAttribPointer sin resolver
main.obj : error LNK2001: símbolo externo stbi_set_flip_vertically_on_load sin resolver
main.obj : error LNK2001: símbolo externo glad_glShaderSource sin resolver
main.obj : error LNK2001: símbolo externo glad_glUniform1i sin resolver
main.obj : error LNK2001: símbolo externo glad_glGetProgramiv sin resolver
main.obj : error LNK2001: símbolo externo glad_glCompileShader sin resolver
main.obj : error LNK2001: símbolo externo glad_glGetProgramInfoLog sin resolver
C:\Projects\SSAO\x64\Release\SSAO.exe : fatal error LNK1120: 57 externos sin resolver
